<?xml version="1.0" encoding="UTF-8" ?>
<testsuite tests="24" failures="2" name="TestSuite" time="11.284" errors="0" skipped="0">
  <properties>
    <property name="java.runtime.name" value="Java(TM) SE Runtime Environment"/>
    <property name="java.vm.version" value="13.0.1+9"/>
    <property name="sun.boot.library.path" value="/Library/Java/JavaVirtualMachines/jdk-13.0.1.jdk/Contents/Home/lib"/>
    <property name="maven.multiModuleProjectDirectory" value="/Users/masha/Documents/GitHub/Test_yandex_forecast/test_yandex_forecast_api"/>
    <property name="java.vm.vendor" value="Oracle Corporation"/>
    <property name="java.vendor.url" value="https://java.oracle.com/"/>
    <property name="guice.disable.misplaced.annotation.check" value="true"/>
    <property name="path.separator" value=":"/>
    <property name="java.vm.name" value="Java HotSpot(TM) 64-Bit Server VM"/>
    <property name="user.country" value="RU"/>
    <property name="sun.java.launcher" value="SUN_STANDARD"/>
    <property name="java.vm.specification.name" value="Java Virtual Machine Specification"/>
    <property name="user.dir" value="/Users/masha/Documents/GitHub/Test_yandex_forecast/test_yandex_forecast_api"/>
    <property name="java.vm.compressedOopsMode" value="Zero based"/>
    <property name="java.runtime.version" value="13.0.1+9"/>
    <property name="os.arch" value="x86_64"/>
    <property name="java.io.tmpdir" value="/var/folders/f3/gvv2yz3j3nj4g68xp53vhjz00000gn/T/"/>
    <property name="line.separator" value="
"/>
    <property name="java.vm.specification.vendor" value="Oracle Corporation"/>
    <property name="os.name" value="Mac OS X"/>
    <property name="classworlds.conf" value="/Users/masha/Documents/apache-maven-3.6.3/bin/m2.conf"/>
    <property name="sun.jnu.encoding" value="UTF-8"/>
    <property name="java.library.path" value="/Users/masha/Library/Java/Extensions:/Library/Java/Extensions:/Network/Library/Java/Extensions:/System/Library/Java/Extensions:/usr/lib/java:."/>
    <property name="maven.conf" value="/Users/masha/Documents/apache-maven-3.6.3/conf"/>
    <property name="jdk.debug" value="release"/>
    <property name="java.class.version" value="57.0"/>
    <property name="java.specification.name" value="Java Platform API Specification"/>
    <property name="sun.management.compiler" value="HotSpot 64-Bit Tiered Compilers"/>
    <property name="os.version" value="10.15.2"/>
    <property name="library.jansi.path" value="/Users/masha/Documents/apache-maven-3.6.3/lib/jansi-native"/>
    <property name="http.nonProxyHosts" value="local|*.local|169.254/16|*.169.254/16"/>
    <property name="user.home" value="/Users/masha"/>
    <property name="user.timezone" value="Europe/Moscow"/>
    <property name="file.encoding" value="UTF-8"/>
    <property name="java.specification.version" value="13"/>
    <property name="user.name" value="masha"/>
    <property name="java.class.path" value="/Users/masha/Documents/apache-maven-3.6.3/boot/plexus-classworlds-2.6.0.jar"/>
    <property name="java.vm.specification.version" value="13"/>
    <property name="sun.arch.data.model" value="64"/>
    <property name="sun.java.command" value="org.codehaus.plexus.classworlds.launcher.Launcher install"/>
    <property name="java.home" value="/Library/Java/JavaVirtualMachines/jdk-13.0.1.jdk/Contents/Home"/>
    <property name="user.language" value="ru"/>
    <property name="java.specification.vendor" value="Oracle Corporation"/>
    <property name="java.vm.info" value="mixed mode, sharing"/>
    <property name="java.version" value="13.0.1"/>
    <property name="java.vendor" value="Oracle Corporation"/>
    <property name="maven.home" value="/Users/masha/Documents/apache-maven-3.6.3"/>
    <property name="file.separator" value="/"/>
    <property name="java.version.date" value="2019-10-15"/>
    <property name="java.vendor.url.bug" value="https://bugreport.java.com/bugreport/"/>
    <property name="sun.io.unicode.encoding" value="UnicodeBig"/>
    <property name="sun.cpu.endian" value="little"/>
    <property name="socksNonProxyHosts" value="local|*.local|169.254/16|*.169.254/16"/>
    <property name="ftp.nonProxyHosts" value="local|*.local|169.254/16|*.169.254/16"/>
  </properties>
  <testcase classname="getforecast.TestRequestedParamsIndependentResponses" name="CheckResponseLatLon" time="3.634">
    <failure message="Response and request lat are different expected [55.839906] but found [55.839905]" type="java.lang.AssertionError">java.lang.AssertionError: Response and request lat are different expected [55.839906] but found [55.839905]
	at org.testng.Assert.fail(Assert.java:94)
	at org.testng.Assert.failNotEquals(Assert.java:513)
	at org.testng.Assert.assertEqualsImpl(Assert.java:135)
	at org.testng.Assert.assertEquals(Assert.java:116)
	at org.testng.Assert.assertEquals(Assert.java:190)
	at getforecast.TestRequestedParamsIndependentResponses.CheckResponseLatLon(TestRequestedParamsIndependentResponses.java:41)
</failure>
    <system-out>Configuring TestNG with: org.apache.maven.surefire.testng.conf.TestNG652Configurator@f5f2bb7
</system-out>
  </testcase>
  <testcase classname="getforecast.TestRequestedParamsIndependentResponses" name="CheckServerTime" time="0.443"/>
  <testcase classname="getforecast.TestAPIYandexForecast" name="CheckDefaultNOHoursJSONSchema" time="2.05"/>
  <testcase classname="getforecast.TestAPIYandexForecast" name="CheckDefaultNOHoursWithExtraJSONSchema" time="0.558"/>
  <testcase classname="getforecast.TestAPIYandexForecast" name="CheckDefaultWithHoursExtraJSONSchema" time="0.338"/>
  <testcase classname="getforecast.TestAPIYandexForecast" name="CheckDefaultWithHoursJSONSchema" time="0.256"/>
  <testcase classname="getforecast.TestAPIYandexForecast" name="CheckLangURL" time="0.257"/>
  <testcase classname="getforecast.TestAPIYandexForecast" name="CheckLangURL" time="0.284"/>
  <testcase classname="getforecast.TestAPIYandexForecast" name="CheckLangURL" time="0.224"/>
  <testcase classname="getforecast.TestAPIYandexForecast" name="CheckLangURL" time="0.259"/>
  <testcase classname="getforecast.TestAPIYandexForecast" name="CheckLangURL" time="0.327"/>
  <testcase classname="getforecast.TestAPIYandexForecast" name="CheckLangURL" time="0.242"/>
  <testcase classname="getforecast.TestAPIYandexForecast" name="CheckLangURL" time="0.224"/>
  <testcase classname="getforecast.TestAPIYandexForecast" name="CheckLangURL" time="0.204"/>
  <testcase classname="getforecast.TestAPIYandexForecast" name="CheckLimitParam" time="0.174"/>
  <testcase classname="getforecast.TestAPIYandexForecast" name="CheckLimitParam" time="0.312"/>
  <testcase classname="getforecast.TestAPIYandexForecast" name="CheckLimitParam" time="0.161"/>
  <testcase classname="getforecast.TestAPIYandexForecast" name="CheckLimitParam" time="0.207"/>
  <testcase classname="getforecast.TestAPIYandexForecast" name="CheckLimitParam" time="0.181"/>
  <testcase classname="getforecast.TestAPIYandexForecast" name="CheckLimitParam" time="0.198"/>
  <testcase classname="getforecast.TestAPIYandexForecast" name="CheckLimitParam" time="0.189">
    <failure message="limit = 8 expected [false] but found [true]" type="java.lang.AssertionError">java.lang.AssertionError: limit = 8 expected [false] but found [true]
	at org.testng.Assert.fail(Assert.java:94)
	at org.testng.Assert.failNotEquals(Assert.java:513)
	at org.testng.Assert.assertFalse(Assert.java:63)
	at getforecast.TestAPIYandexForecast.CheckLimitParam(TestAPIYandexForecast.java:162)
</failure>
  </testcase>
  <testcase classname="getforecast.TestAPIYandexForecast" name="CheckLimitParam" time="0.194"/>
  <testcase classname="getforecast.TestAPIYandexForecast" name="CheckLimitParam" time="0.197"/>
  <testcase classname="getforecast.TestAPIYandexForecast" name="CheckValidAuthorization" time="0.171"/>
</testsuite>