<?xml version="1.0" encoding="UTF-8"?>
<!-- Generated by org.testng.reporters.JUnitReportReporter -->
<testsuite ignored="0" hostname="MacBook-Air-Maria.local" failures="1" tests="22" name="getforecast.TestAPIYandexForecast" time="7.211" errors="0" timestamp="24 дек. 2019 21:01:38 GMT" skipped="0">
  <testcase classname="getforecast.TestAPIYandexForecast" name="CheckLimitParam" time="0.161"/>
  <testcase classname="getforecast.TestAPIYandexForecast" name="CheckDefaultWithHoursJSONSchema" time="0.256"/>
  <testcase classname="getforecast.TestAPIYandexForecast" name="CheckLangURL" time="0.204"/>
  <testcase classname="getforecast.TestAPIYandexForecast" name="CheckDefaultWithHoursExtraJSONSchema" time="0.340"/>
  <testcase classname="getforecast.TestAPIYandexForecast" name="CheckLangURL" time="0.259"/>
  <testcase classname="getforecast.TestAPIYandexForecast" name="CheckLimitParam" time="0.205"/>
  <testcase classname="getforecast.TestAPIYandexForecast" name="CheckLimitParam" time="0.188">
    <failure message="limit = 8 expected [false] but found [true]" type="java.lang.AssertionError">
      <![CDATA[java.lang.AssertionError: limit = 8 expected [false] but found [true]
	at org.testng.Assert.fail(Assert.java:94)
	at org.testng.Assert.failNotEquals(Assert.java:513)
	at org.testng.Assert.assertFalse(Assert.java:63)
	at getforecast.TestAPIYandexForecast.CheckLimitParam(TestAPIYandexForecast.java:162)
	at java.base/jdk.internal.reflect.NativeMethodAccessorImpl.invoke0(Native Method)
	at java.base/jdk.internal.reflect.NativeMethodAccessorImpl.invoke(NativeMethodAccessorImpl.java:62)
	at java.base/jdk.internal.reflect.DelegatingMethodAccessorImpl.invoke(DelegatingMethodAccessorImpl.java:43)
	at java.base/java.lang.reflect.Method.invoke(Method.java:567)
	at org.testng.internal.MethodInvocationHelper.invokeMethod(MethodInvocationHelper.java:104)
	at org.testng.internal.Invoker.invokeMethod(Invoker.java:645)
	at org.testng.internal.Invoker.invokeTestMethod(Invoker.java:851)
	at org.testng.internal.Invoker.invokeTestMethods(Invoker.java:1177)
	at org.testng.internal.TestMethodWorker.invokeTestMethods(TestMethodWorker.java:129)
	at org.testng.internal.TestMethodWorker.run(TestMethodWorker.java:112)
	at org.testng.TestRunner.privateRun(TestRunner.java:756)
	at org.testng.TestRunner.run(TestRunner.java:610)
	at org.testng.SuiteRunner.runTest(SuiteRunner.java:387)
	at org.testng.SuiteRunner.runSequentially(SuiteRunner.java:382)
	at org.testng.SuiteRunner.privateRun(SuiteRunner.java:340)
	at org.testng.SuiteRunner.run(SuiteRunner.java:289)
	at org.testng.SuiteRunnerWorker.runSuite(SuiteRunnerWorker.java:52)
	at org.testng.SuiteRunnerWorker.run(SuiteRunnerWorker.java:86)
	at org.testng.TestNG.runSuitesSequentially(TestNG.java:1293)
	at org.testng.TestNG.runSuitesLocally(TestNG.java:1218)
	at org.testng.TestNG.runSuites(TestNG.java:1133)
	at org.testng.TestNG.run(TestNG.java:1104)
	at org.apache.maven.surefire.testng.TestNGExecutor.run(TestNGExecutor.java:77)
	at org.apache.maven.surefire.testng.TestNGDirectoryTestSuite.executeMulti(TestNGDirectoryTestSuite.java:159)
	at org.apache.maven.surefire.testng.TestNGDirectoryTestSuite.execute(TestNGDirectoryTestSuite.java:99)
	at org.apache.maven.surefire.testng.TestNGProvider.invoke(TestNGProvider.java:106)
	at java.base/jdk.internal.reflect.NativeMethodAccessorImpl.invoke0(Native Method)
	at java.base/jdk.internal.reflect.NativeMethodAccessorImpl.invoke(NativeMethodAccessorImpl.java:62)
	at java.base/jdk.internal.reflect.DelegatingMethodAccessorImpl.invoke(DelegatingMethodAccessorImpl.java:43)
	at java.base/java.lang.reflect.Method.invoke(Method.java:567)
	at org.apache.maven.surefire.util.ReflectionUtils.invokeMethodWithArray(ReflectionUtils.java:189)
	at org.apache.maven.surefire.booter.ProviderFactory$ProviderProxy.invoke(ProviderFactory.java:165)
	at org.apache.maven.surefire.booter.ProviderFactory.invokeProvider(ProviderFactory.java:85)
	at org.apache.maven.surefire.booter.ForkedBooter.runSuitesInProcess(ForkedBooter.java:115)
	at org.apache.maven.surefire.booter.ForkedBooter.main(ForkedBooter.java:75)
]]>
    </failure>
  </testcase> <!-- CheckLimitParam -->
  <testcase classname="getforecast.TestAPIYandexForecast" name="CheckLangURL" time="0.242"/>
  <testcase classname="getforecast.TestAPIYandexForecast" name="CheckLimitParam" time="0.173"/>
  <testcase classname="getforecast.TestAPIYandexForecast" name="CheckLimitParam" time="0.195"/>
  <testcase classname="getforecast.TestAPIYandexForecast" name="CheckLangURL" time="0.223"/>
  <testcase classname="getforecast.TestAPIYandexForecast" name="CheckDefaultNOHoursJSONSchema" time="2.049"/>
  <testcase classname="getforecast.TestAPIYandexForecast" name="CheckLangURL" time="0.285"/>
  <testcase classname="getforecast.TestAPIYandexForecast" name="CheckLimitParam" time="0.184"/>
  <testcase classname="getforecast.TestAPIYandexForecast" name="CheckValidAuthorization" time="0.171"/>
  <testcase classname="getforecast.TestAPIYandexForecast" name="CheckLangURL" time="0.327"/>
  <testcase classname="getforecast.TestAPIYandexForecast" name="CheckLimitParam" time="0.313"/>
  <testcase classname="getforecast.TestAPIYandexForecast" name="CheckDefaultNOHoursWithExtraJSONSchema" time="0.556"/>
  <testcase classname="getforecast.TestAPIYandexForecast" name="CheckLimitParam" time="0.198"/>
  <testcase classname="getforecast.TestAPIYandexForecast" name="CheckLangURL" time="0.227"/>
  <testcase classname="getforecast.TestAPIYandexForecast" name="CheckLimitParam" time="0.199"/>
  <testcase classname="getforecast.TestAPIYandexForecast" name="CheckLangURL" time="0.256"/>
</testsuite> <!-- getforecast.TestAPIYandexForecast -->
